<?xml version="1.0" encoding="UTF-8"?>
<testng-results skipped="0" failed="0" ignored="0" total="1" passed="1">
  <reporter-output>
  </reporter-output>
  <suite name="Default suite" duration-ms="114203" started-at="2018-06-10T15:57:56Z" finished-at="2018-06-10T15:59:50Z">
    <groups>
    </groups>
    <test name="Default test" duration-ms="114203" started-at="2018-06-10T15:57:56Z" finished-at="2018-06-10T15:59:50Z">
      <class name="testGit.Test_2">
        <test-method status="PASS" signature="dropdown()[pri:0, instance:testGit.Test_2@37d31475]" name="dropdown" duration-ms="114148" started-at="2018-06-10T15:57:56Z" finished-at="2018-06-10T15:59:50Z">
          <reporter-output>
          </reporter-output>
        </test-method> <!-- dropdown -->
      </class> <!-- testGit.Test_2 -->
    </test> <!-- Default test -->
  </suite> <!-- Default suite -->
</testng-results>
