<?xml version="1.0" encoding="UTF-8"?>
<testng-results skipped="0" failed="0" ignored="0" total="2" passed="2">
  <reporter-output>
  </reporter-output>
  <suite name="Default suite" duration-ms="201" started-at="2018-06-10T05:33:41Z" finished-at="2018-06-10T05:33:41Z">
    <groups>
    </groups>
    <test name="Default test" duration-ms="201" started-at="2018-06-10T05:33:41Z" finished-at="2018-06-10T05:33:41Z">
      <class name="testGit.Test_1">
        <test-method status="PASS" signature="test2java()[pri:0, instance:testGit.Test_1@2353b3e6]" name="test2java" duration-ms="15" started-at="2018-06-10T05:33:41Z" finished-at="2018-06-10T05:33:41Z">
          <reporter-output>
          </reporter-output>
        </test-method> <!-- test2java -->
        <test-method status="PASS" signature="testjava()[pri:0, instance:testGit.Test_1@2353b3e6]" name="testjava" duration-ms="0" started-at="2018-06-10T05:33:41Z" finished-at="2018-06-10T05:33:41Z">
          <reporter-output>
          </reporter-output>
        </test-method> <!-- testjava -->
      </class> <!-- testGit.Test_1 -->
    </test> <!-- Default test -->
  </suite> <!-- Default suite -->
</testng-results>
